---------- Date: 2014-08-27 15:35:01 ~ IP : 127.0.0.1 ----------
REQUEST URI : /admin/index.php?route=common/filemanager&amp;token=0aba38afca47759206931923c64d731f&amp;field=image5
MOD DETAILS:
   modFile   : /Applications/MAMP/htdocs/ormary/vqmod/xml/image_manager_plus_1.5.2.x_v1.3.xml
   id        : Image Manager +
   version   : 1.3
   vqmver    : 2.1.6
   author    : Kay Lohn - Improvement and vQmod by Dialdin

File Name    : admin/controller/common/filemanager.php(2)
VQModObject::applyMod - SEARCH NOT FOUND (ABORTING MOD): 300000
----------------------------------------------------------------------


---------- Date: 2014-08-27 15:35:01 ~ IP : 127.0.0.1 ----------
REQUEST URI : /admin/index.php?route=common/filemanager&amp;token=0aba38afca47759206931923c64d731f&amp;field=image5
MOD DETAILS:
   modFile   : /Applications/MAMP/htdocs/ormary/vqmod/xml/image_manager_plus_1.5.2.x_v1.3.xml
   id        : Image Manager +
   version   : 1.3
   vqmver    : 2.1.6
   author    : Kay Lohn - Improvement and vQmod by Dialdin

File Name    : admin/controller/common/filemanager.php(2)
VQModObject::applyMod - SEARCH NOT FOUND (ABORTING MOD): 300000
----------------------------------------------------------------------


---------- Date: 2014-08-27 15:35:01 ~ IP : 127.0.0.1 ----------
REQUEST URI : /admin/index.php?route=common/filemanager/files&amp;token=0aba38afca47759206931923c64d731f
MOD DETAILS:
   modFile   : /Applications/MAMP/htdocs/ormary/vqmod/xml/image_manager_plus_1.5.2.x_v1.3.xml
   id        : Image Manager +
   version   : 1.3
   vqmver    : 2.1.6
   author    : Kay Lohn - Improvement and vQmod by Dialdin

File Name    : admin/controller/common/filemanager.php(2)
VQModObject::applyMod - SEARCH NOT FOUND (ABORTING MOD): 300000
----------------------------------------------------------------------


---------- Date: 2014-08-27 15:35:02 ~ IP : 127.0.0.1 ----------
REQUEST URI : /admin/index.php?route=common/filemanager/image&amp;token=0aba38afca47759206931923c64d731f&amp;image=data%2Femmie_image_resize.jpg
MOD DETAILS:
   modFile   : /Applications/MAMP/htdocs/ormary/vqmod/xml/image_manager_plus_1.5.2.x_v1.3.xml
   id        : Image Manager +
   version   : 1.3
   vqmver    : 2.1.6
   author    : Kay Lohn - Improvement and vQmod by Dialdin

File Name    : admin/controller/common/filemanager.php(2)
VQModObject::applyMod - SEARCH NOT FOUND (ABORTING MOD): 300000
----------------------------------------------------------------------


---------- Date: 2014-08-27 15:35:02 ~ IP : 127.0.0.1 ----------
REQUEST URI : /admin/index.php?route=common/filemanager/image&amp;token=0aba38afca47759206931923c64d731f&amp;image=data%2FManonCape.png
MOD DETAILS:
   modFile   : /Applications/MAMP/htdocs/ormary/vqmod/xml/image_manager_plus_1.5.2.x_v1.3.xml
   id        : Image Manager +
   version   : 1.3
   vqmver    : 2.1.6
   author    : Kay Lohn - Improvement and vQmod by Dialdin

File Name    : admin/controller/common/filemanager.php(2)
VQModObject::applyMod - SEARCH NOT FOUND (ABORTING MOD): 300000
----------------------------------------------------------------------


---------- Date: 2014-08-27 15:35:02 ~ IP : 127.0.0.1 ----------
REQUEST URI : /admin/index.php?route=common/filemanager/image&amp;token=0aba38afca47759206931923c64d731f&amp;image=data%2FBlue-100x100%20(1).png
MOD DETAILS:
   modFile   : /Applications/MAMP/htdocs/ormary/vqmod/xml/image_manager_plus_1.5.2.x_v1.3.xml
   id        : Image Manager +
   version   : 1.3
   vqmver    : 2.1.6
   author    : Kay Lohn - Improvement and vQmod by Dialdin

File Name    : admin/controller/common/filemanager.php(2)
VQModObject::applyMod - SEARCH NOT FOUND (ABORTING MOD): 300000
----------------------------------------------------------------------


---------- Date: 2014-08-27 15:35:02 ~ IP : 127.0.0.1 ----------
REQUEST URI : /admin/index.php?route=common/filemanager/image&amp;token=0aba38afca47759206931923c64d731f&amp;image=data%2Femmie_image_resize%20copy.jpg
MOD DETAILS:
   modFile   : /Applications/MAMP/htdocs/ormary/vqmod/xml/image_manager_plus_1.5.2.x_v1.3.xml
   id        : Image Manager +
   version   : 1.3
   vqmver    : 2.1.6
   author    : Kay Lohn - Improvement and vQmod by Dialdin

File Name    : admin/controller/common/filemanager.php(2)
VQModObject::applyMod - SEARCH NOT FOUND (ABORTING MOD): 300000
----------------------------------------------------------------------


---------- Date: 2014-08-27 15:35:02 ~ IP : 127.0.0.1 ----------
REQUEST URI : /admin/index.php?route=common/filemanager/image&amp;token=0aba38afca47759206931923c64d731f&amp;image=data%2Fadd_to_wardrobe.png
MOD DETAILS:
   modFile   : /Applications/MAMP/htdocs/ormary/vqmod/xml/image_manager_plus_1.5.2.x_v1.3.xml
   id        : Image Manager +
   version   : 1.3
   vqmver    : 2.1.6
   author    : Kay Lohn - Improvement and vQmod by Dialdin

File Name    : admin/controller/common/filemanager.php(2)
VQModObject::applyMod - SEARCH NOT FOUND (ABORTING MOD): 300000
----------------------------------------------------------------------


---------- Date: 2014-08-27 15:35:02 ~ IP : 127.0.0.1 ----------
REQUEST URI : /admin/index.php?route=common/filemanager/image&amp;token=0aba38afca47759206931923c64d731f&amp;image=data%2Fcart.png
MOD DETAILS:
   modFile   : /Applications/MAMP/htdocs/ormary/vqmod/xml/image_manager_plus_1.5.2.x_v1.3.xml
   id        : Image Manager +
   version   : 1.3
   vqmver    : 2.1.6
   author    : Kay Lohn - Improvement and vQmod by Dialdin

File Name    : admin/controller/common/filemanager.php(2)
VQModObject::applyMod - SEARCH NOT FOUND (ABORTING MOD): 300000
----------------------------------------------------------------------


---------- Date: 2014-08-27 15:35:02 ~ IP : 127.0.0.1 ----------
REQUEST URI : /admin/index.php?route=common/filemanager/image&amp;token=0aba38afca47759206931923c64d731f&amp;image=data%2Femmie_image_resize2.jpg
MOD DETAILS:
   modFile   : /Applications/MAMP/htdocs/ormary/vqmod/xml/image_manager_plus_1.5.2.x_v1.3.xml
   id        : Image Manager +
   version   : 1.3
   vqmver    : 2.1.6
   author    : Kay Lohn - Improvement and vQmod by Dialdin

File Name    : admin/controller/common/filemanager.php(2)
VQModObject::applyMod - SEARCH NOT FOUND (ABORTING MOD): 300000
----------------------------------------------------------------------


---------- Date: 2014-08-27 15:35:02 ~ IP : 127.0.0.1 ----------
REQUEST URI : /admin/index.php?route=common/filemanager/image&amp;token=0aba38afca47759206931923c64d731f&amp;image=data%2Fgretetop.png
MOD DETAILS:
   modFile   : /Applications/MAMP/htdocs/ormary/vqmod/xml/image_manager_plus_1.5.2.x_v1.3.xml
   id        : Image Manager +
   version   : 1.3
   vqmver    : 2.1.6
   author    : Kay Lohn - Improvement and vQmod by Dialdin

File Name    : admin/controller/common/filemanager.php(2)
VQModObject::applyMod - SEARCH NOT FOUND (ABORTING MOD): 300000
----------------------------------------------------------------------


---------- Date: 2014-08-27 15:35:11 ~ IP : 127.0.0.1 ----------
REQUEST URI : /admin/index.php?route=common/filemanager/directory&amp;token=0aba38afca47759206931923c64d731f
MOD DETAILS:
   modFile   : /Applications/MAMP/htdocs/ormary/vqmod/xml/image_manager_plus_1.5.2.x_v1.3.xml
   id        : Image Manager +
   version   : 1.3
   vqmver    : 2.1.6
   author    : Kay Lohn - Improvement and vQmod by Dialdin

File Name    : admin/controller/common/filemanager.php(2)
VQModObject::applyMod - SEARCH NOT FOUND (ABORTING MOD): 300000
----------------------------------------------------------------------


---------- Date: 2014-08-27 15:35:14 ~ IP : 127.0.0.1 ----------
REQUEST URI : /admin/index.php?route=common/filemanager/files&amp;token=0aba38afca47759206931923c64d731f
MOD DETAILS:
   modFile   : /Applications/MAMP/htdocs/ormary/vqmod/xml/image_manager_plus_1.5.2.x_v1.3.xml
   id        : Image Manager +
   version   : 1.3
   vqmver    : 2.1.6
   author    : Kay Lohn - Improvement and vQmod by Dialdin

File Name    : admin/controller/common/filemanager.php(2)
VQModObject::applyMod - SEARCH NOT FOUND (ABORTING MOD): 300000
----------------------------------------------------------------------


---------- Date: 2014-08-27 15:35:14 ~ IP : 127.0.0.1 ----------
REQUEST URI : /admin/index.php?route=common/filemanager/image&amp;token=0aba38afca47759206931923c64d731f&amp;image=data%2Fproducts%2Femmie-mccourts-alexa-coat-in-black-with-olive-back-zoom1.jpg
MOD DETAILS:
   modFile   : /Applications/MAMP/htdocs/ormary/vqmod/xml/image_manager_plus_1.5.2.x_v1.3.xml
   id        : Image Manager +
   version   : 1.3
   vqmver    : 2.1.6
   author    : Kay Lohn - Improvement and vQmod by Dialdin

File Name    : admin/controller/common/filemanager.php(2)
VQModObject::applyMod - SEARCH NOT FOUND (ABORTING MOD): 300000
----------------------------------------------------------------------


---------- Date: 2014-08-27 15:35:14 ~ IP : 127.0.0.1 ----------
REQUEST URI : /admin/index.php?route=common/filemanager/image&amp;token=0aba38afca47759206931923c64d731f&amp;image=data%2Fproducts%2Femmie-mccourts-alexa-coat-in-black-with-olive-back-zoom2.jpg
MOD DETAILS:
   modFile   : /Applications/MAMP/htdocs/ormary/vqmod/xml/image_manager_plus_1.5.2.x_v1.3.xml
   id        : Image Manager +
   version   : 1.3
   vqmver    : 2.1.6
   author    : Kay Lohn - Improvement and vQmod by Dialdin

File Name    : admin/controller/common/filemanager.php(2)
VQModObject::applyMod - SEARCH NOT FOUND (ABORTING MOD): 300000
----------------------------------------------------------------------


---------- Date: 2014-08-27 15:35:14 ~ IP : 127.0.0.1 ----------
REQUEST URI : /admin/index.php?route=common/filemanager/directory&amp;token=0aba38afca47759206931923c64d731f
MOD DETAILS:
   modFile   : /Applications/MAMP/htdocs/ormary/vqmod/xml/image_manager_plus_1.5.2.x_v1.3.xml
   id        : Image Manager +
   version   : 1.3
   vqmver    : 2.1.6
   author    : Kay Lohn - Improvement and vQmod by Dialdin

File Name    : admin/controller/common/filemanager.php(2)
VQModObject::applyMod - SEARCH NOT FOUND (ABORTING MOD): 300000
----------------------------------------------------------------------


---------- Date: 2014-08-27 15:35:14 ~ IP : 127.0.0.1 ----------
REQUEST URI : /admin/index.php?route=common/filemanager/files&amp;token=0aba38afca47759206931923c64d731f
MOD DETAILS:
   modFile   : /Applications/MAMP/htdocs/ormary/vqmod/xml/image_manager_plus_1.5.2.x_v1.3.xml
   id        : Image Manager +
   version   : 1.3
   vqmver    : 2.1.6
   author    : Kay Lohn - Improvement and vQmod by Dialdin

File Name    : admin/controller/common/filemanager.php(2)
VQModObject::applyMod - SEARCH NOT FOUND (ABORTING MOD): 300000
----------------------------------------------------------------------


---------- Date: 2014-08-27 15:35:14 ~ IP : 127.0.0.1 ----------
REQUEST URI : /admin/index.php?route=common/filemanager/image&amp;token=0aba38afca47759206931923c64d731f&amp;image=data%2Fproducts%2Femmie-mccourts-alexa-coat-in-black-with-olive-back.jpg
MOD DETAILS:
   modFile   : /Applications/MAMP/htdocs/ormary/vqmod/xml/image_manager_plus_1.5.2.x_v1.3.xml
   id        : Image Manager +
   version   : 1.3
   vqmver    : 2.1.6
   author    : Kay Lohn - Improvement and vQmod by Dialdin

File Name    : admin/controller/common/filemanager.php(2)
VQModObject::applyMod - SEARCH NOT FOUND (ABORTING MOD): 300000
----------------------------------------------------------------------


---------- Date: 2014-08-27 15:35:14 ~ IP : 127.0.0.1 ----------
REQUEST URI : /admin/index.php?route=common/filemanager/image&amp;token=0aba38afca47759206931923c64d731f&amp;image=data%2Fproducts%2Femmie-mccourts-alexa-coat-in-black-with-olive-front-front.jpg
MOD DETAILS:
   modFile   : /Applications/MAMP/htdocs/ormary/vqmod/xml/image_manager_plus_1.5.2.x_v1.3.xml
   id        : Image Manager +
   version   : 1.3
   vqmver    : 2.1.6
   author    : Kay Lohn - Improvement and vQmod by Dialdin

File Name    : admin/controller/common/filemanager.php(2)
VQModObject::applyMod - SEARCH NOT FOUND (ABORTING MOD): 300000
----------------------------------------------------------------------


---------- Date: 2014-08-27 15:35:15 ~ IP : 127.0.0.1 ----------
REQUEST URI : /admin/index.php?route=common/filemanager/image&amp;token=0aba38afca47759206931923c64d731f&amp;image=data%2Fproducts%2Femmie-mccourts-alexa-coat-in-black-with-olive-front-zoom1.jpg
MOD DETAILS:
   modFile   : /Applications/MAMP/htdocs/ormary/vqmod/xml/image_manager_plus_1.5.2.x_v1.3.xml
   id        : Image Manager +
   version   : 1.3
   vqmver    : 2.1.6
   author    : Kay Lohn - Improvement and vQmod by Dialdin

File Name    : admin/controller/common/filemanager.php(2)
VQModObject::applyMod - SEARCH NOT FOUND (ABORTING MOD): 300000
----------------------------------------------------------------------


---------- Date: 2014-08-27 15:35:15 ~ IP : 127.0.0.1 ----------
REQUEST URI : /admin/index.php?route=common/filemanager/image&amp;token=0aba38afca47759206931923c64d731f&amp;image=data%2Fproducts%2Femmie-mccourts-alexa-coat-in-black-with-olive-front-zoom2.jpg
MOD DETAILS:
   modFile   : /Applications/MAMP/htdocs/ormary/vqmod/xml/image_manager_plus_1.5.2.x_v1.3.xml
   id        : Image Manager +
   version   : 1.3
   vqmver    : 2.1.6
   author    : Kay Lohn - Improvement and vQmod by Dialdin

File Name    : admin/controller/common/filemanager.php(2)
VQModObject::applyMod - SEARCH NOT FOUND (ABORTING MOD): 300000
----------------------------------------------------------------------


---------- Date: 2014-08-27 15:35:15 ~ IP : 127.0.0.1 ----------
REQUEST URI : /admin/index.php?route=common/filemanager/image&amp;token=0aba38afca47759206931923c64d731f&amp;image=data%2Fproducts%2Femmie-mccourts-alice-jacket-black-nubuck-back-zoom1.jpg
MOD DETAILS:
   modFile   : /Applications/MAMP/htdocs/ormary/vqmod/xml/image_manager_plus_1.5.2.x_v1.3.xml
   id        : Image Manager +
   version   : 1.3
   vqmver    : 2.1.6
   author    : Kay Lohn - Improvement and vQmod by Dialdin

File Name    : admin/controller/common/filemanager.php(2)
VQModObject::applyMod - SEARCH NOT FOUND (ABORTING MOD): 300000
----------------------------------------------------------------------


---------- Date: 2014-08-27 15:35:15 ~ IP : 127.0.0.1 ----------
REQUEST URI : /admin/index.php?route=common/filemanager/image&amp;token=0aba38afca47759206931923c64d731f&amp;image=data%2Fproducts%2Femmie-mccourts-alice-jacket-black-nubuck-back-zoom2.jpg
MOD DETAILS:
   modFile   : /Applications/MAMP/htdocs/ormary/vqmod/xml/image_manager_plus_1.5.2.x_v1.3.xml
   id        : Image Manager +
   version   : 1.3
   vqmver    : 2.1.6
   author    : Kay Lohn - Improvement and vQmod by Dialdin

File Name    : admin/controller/common/filemanager.php(2)
VQModObject::applyMod - SEARCH NOT FOUND (ABORTING MOD): 300000
----------------------------------------------------------------------


---------- Date: 2014-08-27 15:35:15 ~ IP : 127.0.0.1 ----------
REQUEST URI : /admin/index.php?route=common/filemanager/files&amp;token=0aba38afca47759206931923c64d731f
MOD DETAILS:
   modFile   : /Applications/MAMP/htdocs/ormary/vqmod/xml/image_manager_plus_1.5.2.x_v1.3.xml
   id        : Image Manager +
   version   : 1.3
   vqmver    : 2.1.6
   author    : Kay Lohn - Improvement and vQmod by Dialdin

File Name    : admin/controller/common/filemanager.php(2)
VQModObject::applyMod - SEARCH NOT FOUND (ABORTING MOD): 300000
----------------------------------------------------------------------


---------- Date: 2014-08-27 15:35:15 ~ IP : 127.0.0.1 ----------
REQUEST URI : /admin/index.php?route=common/filemanager/image&amp;token=0aba38afca47759206931923c64d731f&amp;image=data%2Fproducts%2Femmie-mccourts-alexa-coat-in-black-with-olive-back-zoom1.jpg
MOD DETAILS:
   modFile   : /Applications/MAMP/htdocs/ormary/vqmod/xml/image_manager_plus_1.5.2.x_v1.3.xml
   id        : Image Manager +
   version   : 1.3
   vqmver    : 2.1.6
   author    : Kay Lohn - Improvement and vQmod by Dialdin

File Name    : admin/controller/common/filemanager.php(2)
VQModObject::applyMod - SEARCH NOT FOUND (ABORTING MOD): 300000
----------------------------------------------------------------------


---------- Date: 2014-08-27 15:35:15 ~ IP : 127.0.0.1 ----------
REQUEST URI : /admin/index.php?route=common/filemanager/image&amp;token=0aba38afca47759206931923c64d731f&amp;image=data%2Fproducts%2Femmie-mccourts-alexa-coat-in-black-with-olive-back-zoom2.jpg
MOD DETAILS:
   modFile   : /Applications/MAMP/htdocs/ormary/vqmod/xml/image_manager_plus_1.5.2.x_v1.3.xml
   id        : Image Manager +
   version   : 1.3
   vqmver    : 2.1.6
   author    : Kay Lohn - Improvement and vQmod by Dialdin

File Name    : admin/controller/common/filemanager.php(2)
VQModObject::applyMod - SEARCH NOT FOUND (ABORTING MOD): 300000
----------------------------------------------------------------------


---------- Date: 2014-08-27 15:35:15 ~ IP : 127.0.0.1 ----------
REQUEST URI : /admin/index.php?route=common/filemanager/image&amp;token=0aba38afca47759206931923c64d731f&amp;image=data%2Fproducts%2Femmie-mccourts-alexa-coat-in-black-with-olive-back.jpg
MOD DETAILS:
   modFile   : /Applications/MAMP/htdocs/ormary/vqmod/xml/image_manager_plus_1.5.2.x_v1.3.xml
   id        : Image Manager +
   version   : 1.3
   vqmver    : 2.1.6
   author    : Kay Lohn - Improvement and vQmod by Dialdin

File Name    : admin/controller/common/filemanager.php(2)
VQModObject::applyMod - SEARCH NOT FOUND (ABORTING MOD): 300000
----------------------------------------------------------------------


---------- Date: 2014-08-27 15:35:15 ~ IP : 127.0.0.1 ----------
REQUEST URI : /admin/index.php?route=common/filemanager/image&amp;token=0aba38afca47759206931923c64d731f&amp;image=data%2Fproducts%2Femmie-mccourts-alexa-coat-in-black-with-olive-front-front.jpg
MOD DETAILS:
   modFile   : /Applications/MAMP/htdocs/ormary/vqmod/xml/image_manager_plus_1.5.2.x_v1.3.xml
   id        : Image Manager +
   version   : 1.3
   vqmver    : 2.1.6
   author    : Kay Lohn - Improvement and vQmod by Dialdin

File Name    : admin/controller/common/filemanager.php(2)
VQModObject::applyMod - SEARCH NOT FOUND (ABORTING MOD): 300000
----------------------------------------------------------------------


---------- Date: 2014-08-27 15:35:15 ~ IP : 127.0.0.1 ----------
REQUEST URI : /admin/index.php?route=common/filemanager/image&amp;token=0aba38afca47759206931923c64d731f&amp;image=data%2Fproducts%2Femmie-mccourts-alexa-coat-in-black-with-olive-front-zoom1.jpg
MOD DETAILS:
   modFile   : /Applications/MAMP/htdocs/ormary/vqmod/xml/image_manager_plus_1.5.2.x_v1.3.xml
   id        : Image Manager +
   version   : 1.3
   vqmver    : 2.1.6
   author    : Kay Lohn - Improvement and vQmod by Dialdin

File Name    : admin/controller/common/filemanager.php(2)
VQModObject::applyMod - SEARCH NOT FOUND (ABORTING MOD): 300000
----------------------------------------------------------------------


---------- Date: 2014-08-27 15:35:15 ~ IP : 127.0.0.1 ----------
REQUEST URI : /admin/index.php?route=common/filemanager/image&amp;token=0aba38afca47759206931923c64d731f&amp;image=data%2Fproducts%2Femmie-mccourts-alexa-coat-in-black-with-olive-front-zoom2.jpg
MOD DETAILS:
   modFile   : /Applications/MAMP/htdocs/ormary/vqmod/xml/image_manager_plus_1.5.2.x_v1.3.xml
   id        : Image Manager +
   version   : 1.3
   vqmver    : 2.1.6
   author    : Kay Lohn - Improvement and vQmod by Dialdin

File Name    : admin/controller/common/filemanager.php(2)
VQModObject::applyMod - SEARCH NOT FOUND (ABORTING MOD): 300000
----------------------------------------------------------------------


---------- Date: 2014-08-27 15:35:15 ~ IP : 127.0.0.1 ----------
REQUEST URI : /admin/index.php?route=common/filemanager/image&amp;token=0aba38afca47759206931923c64d731f&amp;image=data%2Fproducts%2Femmie-mccourts-alice-jacket-black-nubuck-back-zoom1.jpg
MOD DETAILS:
   modFile   : /Applications/MAMP/htdocs/ormary/vqmod/xml/image_manager_plus_1.5.2.x_v1.3.xml
   id        : Image Manager +
   version   : 1.3
   vqmver    : 2.1.6
   author    : Kay Lohn - Improvement and vQmod by Dialdin

File Name    : admin/controller/common/filemanager.php(2)
VQModObject::applyMod - SEARCH NOT FOUND (ABORTING MOD): 300000
----------------------------------------------------------------------


---------- Date: 2014-08-27 15:35:15 ~ IP : 127.0.0.1 ----------
REQUEST URI : /admin/index.php?route=common/filemanager/image&amp;token=0aba38afca47759206931923c64d731f&amp;image=data%2Fproducts%2Femmie-mccourts-alice-jacket-black-nubuck-back-zoom2.jpg
MOD DETAILS:
   modFile   : /Applications/MAMP/htdocs/ormary/vqmod/xml/image_manager_plus_1.5.2.x_v1.3.xml
   id        : Image Manager +
   version   : 1.3
   vqmver    : 2.1.6
   author    : Kay Lohn - Improvement and vQmod by Dialdin

File Name    : admin/controller/common/filemanager.php(2)
VQModObject::applyMod - SEARCH NOT FOUND (ABORTING MOD): 300000
----------------------------------------------------------------------


---------- Date: 2014-08-27 15:35:15 ~ IP : 127.0.0.1 ----------
REQUEST URI : /admin/index.php?route=common/filemanager/image&amp;token=0aba38afca47759206931923c64d731f&amp;image=data%2Fproducts%2Femmie-mccourts-alexa-coat-in-black-with-olive-back-zoom1.jpg
MOD DETAILS:
   modFile   : /Applications/MAMP/htdocs/ormary/vqmod/xml/image_manager_plus_1.5.2.x_v1.3.xml
   id        : Image Manager +
   version   : 1.3
   vqmver    : 2.1.6
   author    : Kay Lohn - Improvement and vQmod by Dialdin

File Name    : admin/controller/common/filemanager.php(2)
VQModObject::applyMod - SEARCH NOT FOUND (ABORTING MOD): 300000
----------------------------------------------------------------------


---------- Date: 2014-08-27 15:35:15 ~ IP : 127.0.0.1 ----------
REQUEST URI : /admin/index.php?route=common/filemanager/image&amp;token=0aba38afca47759206931923c64d731f&amp;image=data%2Fproducts%2Femmie-mccourts-alexa-coat-in-black-with-olive-back-zoom2.jpg
MOD DETAILS:
   modFile   : /Applications/MAMP/htdocs/ormary/vqmod/xml/image_manager_plus_1.5.2.x_v1.3.xml
   id        : Image Manager +
   version   : 1.3
   vqmver    : 2.1.6
   author    : Kay Lohn - Improvement and vQmod by Dialdin

File Name    : admin/controller/common/filemanager.php(2)
VQModObject::applyMod - SEARCH NOT FOUND (ABORTING MOD): 300000
----------------------------------------------------------------------


---------- Date: 2014-08-27 15:35:15 ~ IP : 127.0.0.1 ----------
REQUEST URI : /admin/index.php?route=common/filemanager/image&amp;token=0aba38afca47759206931923c64d731f&amp;image=data%2Fproducts%2Femmie-mccourts-alexa-coat-in-black-with-olive-back.jpg
MOD DETAILS:
   modFile   : /Applications/MAMP/htdocs/ormary/vqmod/xml/image_manager_plus_1.5.2.x_v1.3.xml
   id        : Image Manager +
   version   : 1.3
   vqmver    : 2.1.6
   author    : Kay Lohn - Improvement and vQmod by Dialdin

File Name    : admin/controller/common/filemanager.php(2)
VQModObject::applyMod - SEARCH NOT FOUND (ABORTING MOD): 300000
----------------------------------------------------------------------


---------- Date: 2014-08-27 15:35:15 ~ IP : 127.0.0.1 ----------
REQUEST URI : /admin/index.php?route=common/filemanager/image&amp;token=0aba38afca47759206931923c64d731f&amp;image=data%2Fproducts%2Femmie-mccourts-alexa-coat-in-black-with-olive-front-front.jpg
MOD DETAILS:
   modFile   : /Applications/MAMP/htdocs/ormary/vqmod/xml/image_manager_plus_1.5.2.x_v1.3.xml
   id        : Image Manager +
   version   : 1.3
   vqmver    : 2.1.6
   author    : Kay Lohn - Improvement and vQmod by Dialdin

File Name    : admin/controller/common/filemanager.php(2)
VQModObject::applyMod - SEARCH NOT FOUND (ABORTING MOD): 300000
----------------------------------------------------------------------


---------- Date: 2014-08-27 15:35:15 ~ IP : 127.0.0.1 ----------
REQUEST URI : /admin/index.php?route=common/filemanager/image&amp;token=0aba38afca47759206931923c64d731f&amp;image=data%2Fproducts%2Femmie-mccourts-alexa-coat-in-black-with-olive-front-zoom1.jpg
MOD DETAILS:
   modFile   : /Applications/MAMP/htdocs/ormary/vqmod/xml/image_manager_plus_1.5.2.x_v1.3.xml
   id        : Image Manager +
   version   : 1.3
   vqmver    : 2.1.6
   author    : Kay Lohn - Improvement and vQmod by Dialdin

File Name    : admin/controller/common/filemanager.php(2)
VQModObject::applyMod - SEARCH NOT FOUND (ABORTING MOD): 300000
----------------------------------------------------------------------


---------- Date: 2014-08-27 15:35:15 ~ IP : 127.0.0.1 ----------
REQUEST URI : /admin/index.php?route=common/filemanager/image&amp;token=0aba38afca47759206931923c64d731f&amp;image=data%2Fproducts%2Femmie-mccourts-alexa-coat-in-black-with-olive-front-zoom2.jpg
MOD DETAILS:
   modFile   : /Applications/MAMP/htdocs/ormary/vqmod/xml/image_manager_plus_1.5.2.x_v1.3.xml
   id        : Image Manager +
   version   : 1.3
   vqmver    : 2.1.6
   author    : Kay Lohn - Improvement and vQmod by Dialdin

File Name    : admin/controller/common/filemanager.php(2)
VQModObject::applyMod - SEARCH NOT FOUND (ABORTING MOD): 300000
----------------------------------------------------------------------


---------- Date: 2014-08-27 15:35:15 ~ IP : 127.0.0.1 ----------
REQUEST URI : /admin/index.php?route=common/filemanager/image&amp;token=0aba38afca47759206931923c64d731f&amp;image=data%2Fproducts%2Femmie-mccourts-alice-jacket-black-nubuck-back-zoom1.jpg
MOD DETAILS:
   modFile   : /Applications/MAMP/htdocs/ormary/vqmod/xml/image_manager_plus_1.5.2.x_v1.3.xml
   id        : Image Manager +
   version   : 1.3
   vqmver    : 2.1.6
   author    : Kay Lohn - Improvement and vQmod by Dialdin

File Name    : admin/controller/common/filemanager.php(2)
VQModObject::applyMod - SEARCH NOT FOUND (ABORTING MOD): 300000
----------------------------------------------------------------------


---------- Date: 2014-08-27 15:35:15 ~ IP : 127.0.0.1 ----------
REQUEST URI : /admin/index.php?route=common/filemanager/image&amp;token=0aba38afca47759206931923c64d731f&amp;image=data%2Fproducts%2Femmie-mccourts-alice-jacket-black-nubuck-back-zoom2.jpg
MOD DETAILS:
   modFile   : /Applications/MAMP/htdocs/ormary/vqmod/xml/image_manager_plus_1.5.2.x_v1.3.xml
   id        : Image Manager +
   version   : 1.3
   vqmver    : 2.1.6
   author    : Kay Lohn - Improvement and vQmod by Dialdin

File Name    : admin/controller/common/filemanager.php(2)
VQModObject::applyMod - SEARCH NOT FOUND (ABORTING MOD): 300000
----------------------------------------------------------------------


---------- Date: 2014-08-27 15:35:16 ~ IP : 127.0.0.1 ----------
REQUEST URI : /admin/index.php?route=common/filemanager/image&amp;token=0aba38afca47759206931923c64d731f&amp;image=data%2Fproducts%2Femmie-mccourts-alexa-coat-in-black-with-olive-back-zoom2.jpg
MOD DETAILS:
   modFile   : /Applications/MAMP/htdocs/ormary/vqmod/xml/image_manager_plus_1.5.2.x_v1.3.xml
   id        : Image Manager +
   version   : 1.3
   vqmver    : 2.1.6
   author    : Kay Lohn - Improvement and vQmod by Dialdin

File Name    : admin/controller/common/filemanager.php(2)
VQModObject::applyMod - SEARCH NOT FOUND (ABORTING MOD): 300000
----------------------------------------------------------------------


---------- Date: 2014-08-27 15:35:16 ~ IP : 127.0.0.1 ----------
REQUEST URI : /admin/index.php?route=common/filemanager&amp;token=0aba38afca47759206931923c64d731f&amp;field=image5
MOD DETAILS:
   modFile   : /Applications/MAMP/htdocs/ormary/vqmod/xml/image_manager_plus_1.5.2.x_v1.3.xml
   id        : Image Manager +
   version   : 1.3
   vqmver    : 2.1.6
   author    : Kay Lohn - Improvement and vQmod by Dialdin

File Name    : admin/controller/common/filemanager.php(2)
VQModObject::applyMod - SEARCH NOT FOUND (ABORTING MOD): 300000
----------------------------------------------------------------------


---------- Date: 2014-08-27 15:35:22 ~ IP : 127.0.0.1 ----------
REQUEST URI : /admin/index.php?route=common/filemanager&amp;token=0aba38afca47759206931923c64d731f&amp;field=image
MOD DETAILS:
   modFile   : /Applications/MAMP/htdocs/ormary/vqmod/xml/image_manager_plus_1.5.2.x_v1.3.xml
   id        : Image Manager +
   version   : 1.3
   vqmver    : 2.1.6
   author    : Kay Lohn - Improvement and vQmod by Dialdin

File Name    : admin/controller/common/filemanager.php(2)
VQModObject::applyMod - SEARCH NOT FOUND (ABORTING MOD): 300000
----------------------------------------------------------------------


---------- Date: 2014-08-27 15:35:22 ~ IP : 127.0.0.1 ----------
REQUEST URI : /admin/index.php?route=common/filemanager&amp;token=0aba38afca47759206931923c64d731f&amp;field=image
MOD DETAILS:
   modFile   : /Applications/MAMP/htdocs/ormary/vqmod/xml/image_manager_plus_1.5.2.x_v1.3.xml
   id        : Image Manager +
   version   : 1.3
   vqmver    : 2.1.6
   author    : Kay Lohn - Improvement and vQmod by Dialdin

File Name    : admin/controller/common/filemanager.php(2)
VQModObject::applyMod - SEARCH NOT FOUND (ABORTING MOD): 300000
----------------------------------------------------------------------


---------- Date: 2014-08-27 15:35:22 ~ IP : 127.0.0.1 ----------
REQUEST URI : /admin/index.php?route=common/filemanager/files&amp;token=0aba38afca47759206931923c64d731f
MOD DETAILS:
   modFile   : /Applications/MAMP/htdocs/ormary/vqmod/xml/image_manager_plus_1.5.2.x_v1.3.xml
   id        : Image Manager +
   version   : 1.3
   vqmver    : 2.1.6
   author    : Kay Lohn - Improvement and vQmod by Dialdin

File Name    : admin/controller/common/filemanager.php(2)
VQModObject::applyMod - SEARCH NOT FOUND (ABORTING MOD): 300000
----------------------------------------------------------------------


---------- Date: 2014-08-27 15:35:22 ~ IP : 127.0.0.1 ----------
REQUEST URI : /admin/index.php?route=common/filemanager/image&amp;token=0aba38afca47759206931923c64d731f&amp;image=data%2Fadd_to_wardrobe.png
MOD DETAILS:
   modFile   : /Applications/MAMP/htdocs/ormary/vqmod/xml/image_manager_plus_1.5.2.x_v1.3.xml
   id        : Image Manager +
   version   : 1.3
   vqmver    : 2.1.6
   author    : Kay Lohn - Improvement and vQmod by Dialdin

File Name    : admin/controller/common/filemanager.php(2)
VQModObject::applyMod - SEARCH NOT FOUND (ABORTING MOD): 300000
----------------------------------------------------------------------


---------- Date: 2014-08-27 15:35:22 ~ IP : 127.0.0.1 ----------
REQUEST URI : /admin/index.php?route=common/filemanager/image&amp;token=0aba38afca47759206931923c64d731f&amp;image=data%2FManonCape.png
MOD DETAILS:
   modFile   : /Applications/MAMP/htdocs/ormary/vqmod/xml/image_manager_plus_1.5.2.x_v1.3.xml
   id        : Image Manager +
   version   : 1.3
   vqmver    : 2.1.6
   author    : Kay Lohn - Improvement and vQmod by Dialdin

File Name    : admin/controller/common/filemanager.php(2)
VQModObject::applyMod - SEARCH NOT FOUND (ABORTING MOD): 300000
----------------------------------------------------------------------


---------- Date: 2014-08-27 15:35:22 ~ IP : 127.0.0.1 ----------
REQUEST URI : /admin/index.php?route=common/filemanager/image&amp;token=0aba38afca47759206931923c64d731f&amp;image=data%2Femmie_image_resize.jpg
MOD DETAILS:
   modFile   : /Applications/MAMP/htdocs/ormary/vqmod/xml/image_manager_plus_1.5.2.x_v1.3.xml
   id        : Image Manager +
   version   : 1.3
   vqmver    : 2.1.6
   author    : Kay Lohn - Improvement and vQmod by Dialdin

File Name    : admin/controller/common/filemanager.php(2)
VQModObject::applyMod - SEARCH NOT FOUND (ABORTING MOD): 300000
----------------------------------------------------------------------


---------- Date: 2014-08-27 15:35:22 ~ IP : 127.0.0.1 ----------
REQUEST URI : /admin/index.php?route=common/filemanager/image&amp;token=0aba38afca47759206931923c64d731f&amp;image=data%2FBlue-100x100%20(1).png
MOD DETAILS:
   modFile   : /Applications/MAMP/htdocs/ormary/vqmod/xml/image_manager_plus_1.5.2.x_v1.3.xml
   id        : Image Manager +
   version   : 1.3
   vqmver    : 2.1.6
   author    : Kay Lohn - Improvement and vQmod by Dialdin

File Name    : admin/controller/common/filemanager.php(2)
VQModObject::applyMod - SEARCH NOT FOUND (ABORTING MOD): 300000
----------------------------------------------------------------------


---------- Date: 2014-08-27 15:35:22 ~ IP : 127.0.0.1 ----------
REQUEST URI : /admin/index.php?route=common/filemanager/image&amp;token=0aba38afca47759206931923c64d731f&amp;image=data%2Femmie_image_resize%20copy.jpg
MOD DETAILS:
   modFile   : /Applications/MAMP/htdocs/ormary/vqmod/xml/image_manager_plus_1.5.2.x_v1.3.xml
   id        : Image Manager +
   version   : 1.3
   vqmver    : 2.1.6
   author    : Kay Lohn - Improvement and vQmod by Dialdin

File Name    : admin/controller/common/filemanager.php(2)
VQModObject::applyMod - SEARCH NOT FOUND (ABORTING MOD): 300000
----------------------------------------------------------------------


---------- Date: 2014-08-27 15:35:22 ~ IP : 127.0.0.1 ----------
REQUEST URI : /admin/index.php?route=common/filemanager/image&amp;token=0aba38afca47759206931923c64d731f&amp;image=data%2Fcart.png
MOD DETAILS:
   modFile   : /Applications/MAMP/htdocs/ormary/vqmod/xml/image_manager_plus_1.5.2.x_v1.3.xml
   id        : Image Manager +
   version   : 1.3
   vqmver    : 2.1.6
   author    : Kay Lohn - Improvement and vQmod by Dialdin

File Name    : admin/controller/common/filemanager.php(2)
VQModObject::applyMod - SEARCH NOT FOUND (ABORTING MOD): 300000
----------------------------------------------------------------------


---------- Date: 2014-08-27 15:35:22 ~ IP : 127.0.0.1 ----------
REQUEST URI : /admin/index.php?route=common/filemanager/image&amp;token=0aba38afca47759206931923c64d731f&amp;image=data%2Femmie_image_resize2.jpg
MOD DETAILS:
   modFile   : /Applications/MAMP/htdocs/ormary/vqmod/xml/image_manager_plus_1.5.2.x_v1.3.xml
   id        : Image Manager +
   version   : 1.3
   vqmver    : 2.1.6
   author    : Kay Lohn - Improvement and vQmod by Dialdin

File Name    : admin/controller/common/filemanager.php(2)
VQModObject::applyMod - SEARCH NOT FOUND (ABORTING MOD): 300000
----------------------------------------------------------------------


---------- Date: 2014-08-27 15:35:22 ~ IP : 127.0.0.1 ----------
REQUEST URI : /admin/index.php?route=common/filemanager/image&amp;token=0aba38afca47759206931923c64d731f&amp;image=data%2Fgretetop.png
MOD DETAILS:
   modFile   : /Applications/MAMP/htdocs/ormary/vqmod/xml/image_manager_plus_1.5.2.x_v1.3.xml
   id        : Image Manager +
   version   : 1.3
   vqmver    : 2.1.6
   author    : Kay Lohn - Improvement and vQmod by Dialdin

File Name    : admin/controller/common/filemanager.php(2)
VQModObject::applyMod - SEARCH NOT FOUND (ABORTING MOD): 300000
----------------------------------------------------------------------


---------- Date: 2014-08-27 15:35:27 ~ IP : 127.0.0.1 ----------
REQUEST URI : /admin/index.php?route=common/filemanager/image&amp;token=0aba38afca47759206931923c64d731f&amp;image=data%2Fproducts%2FEmmieMcCourts%2Falexacoatblackolive%2Femmie-mccourts-alexa-coat-in-black-with-olive-front.jpg
MOD DETAILS:
   modFile   : /Applications/MAMP/htdocs/ormary/vqmod/xml/image_manager_plus_1.5.2.x_v1.3.xml
   id        : Image Manager +
   version   : 1.3
   vqmver    : 2.1.6
   author    : Kay Lohn - Improvement and vQmod by Dialdin

File Name    : admin/controller/common/filemanager.php(2)
VQModObject::applyMod - SEARCH NOT FOUND (ABORTING MOD): 300000
----------------------------------------------------------------------


---------- Date: 2014-08-27 15:37:59 ~ IP : 127.0.0.1 ----------
REQUEST URI : /admin/index.php?route=common/filemanager&amp;token=0aba38afca47759206931923c64d731f&amp;field=image
MOD DETAILS:
   modFile   : /Applications/MAMP/htdocs/ormary/vqmod/xml/image_manager_plus_1.5.2.x_v1.3.xml
   id        : Image Manager +
   version   : 1.3
   vqmver    : 2.1.6
   author    : Kay Lohn - Improvement and vQmod by Dialdin

File Name    : admin/controller/common/filemanager.php(2)
VQModObject::applyMod - SEARCH NOT FOUND (ABORTING MOD): 300000
----------------------------------------------------------------------


---------- Date: 2014-08-27 15:37:59 ~ IP : 127.0.0.1 ----------
REQUEST URI : /admin/index.php?route=common/filemanager&amp;token=0aba38afca47759206931923c64d731f&amp;field=image
MOD DETAILS:
   modFile   : /Applications/MAMP/htdocs/ormary/vqmod/xml/image_manager_plus_1.5.2.x_v1.3.xml
   id        : Image Manager +
   version   : 1.3
   vqmver    : 2.1.6
   author    : Kay Lohn - Improvement and vQmod by Dialdin

File Name    : admin/controller/common/filemanager.php(2)
VQModObject::applyMod - SEARCH NOT FOUND (ABORTING MOD): 300000
----------------------------------------------------------------------


---------- Date: 2014-08-27 15:37:59 ~ IP : 127.0.0.1 ----------
REQUEST URI : /admin/index.php?route=common/filemanager&amp;token=0aba38afca47759206931923c64d731f&amp;field=image
MOD DETAILS:
   modFile   : /Applications/MAMP/htdocs/ormary/vqmod/xml/image_manager_plus_1.5.2.x_v1.3.xml
   id        : Image Manager +
   version   : 1.3
   vqmver    : 2.1.6
   author    : Kay Lohn - Improvement and vQmod by Dialdin

File Name    : admin/controller/common/filemanager.php(2)
VQModObject::applyMod - SEARCH NOT FOUND (ABORTING MOD): 300000
----------------------------------------------------------------------


---------- Date: 2014-08-27 15:37:59 ~ IP : 127.0.0.1 ----------
REQUEST URI : /admin/index.php?route=common/filemanager/files&amp;token=0aba38afca47759206931923c64d731f
MOD DETAILS:
   modFile   : /Applications/MAMP/htdocs/ormary/vqmod/xml/image_manager_plus_1.5.2.x_v1.3.xml
   id        : Image Manager +
   version   : 1.3
   vqmver    : 2.1.6
   author    : Kay Lohn - Improvement and vQmod by Dialdin

File Name    : admin/controller/common/filemanager.php(2)
VQModObject::applyMod - SEARCH NOT FOUND (ABORTING MOD): 300000
----------------------------------------------------------------------


---------- Date: 2014-08-27 15:38:00 ~ IP : 127.0.0.1 ----------
REQUEST URI : /admin/index.php?route=common/filemanager/image&amp;token=0aba38afca47759206931923c64d731f&amp;image=data%2FBlue-100x100%20(1).png
MOD DETAILS:
   modFile   : /Applications/MAMP/htdocs/ormary/vqmod/xml/image_manager_plus_1.5.2.x_v1.3.xml
   id        : Image Manager +
   version   : 1.3
   vqmver    : 2.1.6
   author    : Kay Lohn - Improvement and vQmod by Dialdin

File Name    : admin/controller/common/filemanager.php(2)
VQModObject::applyMod - SEARCH NOT FOUND (ABORTING MOD): 300000
----------------------------------------------------------------------


---------- Date: 2014-08-27 15:38:00 ~ IP : 127.0.0.1 ----------
REQUEST URI : /admin/index.php?route=common/filemanager/image&amp;token=0aba38afca47759206931923c64d731f&amp;image=data%2Fadd_to_wardrobe.png
MOD DETAILS:
   modFile   : /Applications/MAMP/htdocs/ormary/vqmod/xml/image_manager_plus_1.5.2.x_v1.3.xml
   id        : Image Manager +
   version   : 1.3
   vqmver    : 2.1.6
   author    : Kay Lohn - Improvement and vQmod by Dialdin

File Name    : admin/controller/common/filemanager.php(2)
VQModObject::applyMod - SEARCH NOT FOUND (ABORTING MOD): 300000
----------------------------------------------------------------------


---------- Date: 2014-08-27 15:38:00 ~ IP : 127.0.0.1 ----------
REQUEST URI : /admin/index.php?route=common/filemanager/image&amp;token=0aba38afca47759206931923c64d731f&amp;image=data%2Fcart.png
MOD DETAILS:
   modFile   : /Applications/MAMP/htdocs/ormary/vqmod/xml/image_manager_plus_1.5.2.x_v1.3.xml
   id        : Image Manager +
   version   : 1.3
   vqmver    : 2.1.6
   author    : Kay Lohn - Improvement and vQmod by Dialdin

File Name    : admin/controller/common/filemanager.php(2)
VQModObject::applyMod - SEARCH NOT FOUND (ABORTING MOD): 300000
----------------------------------------------------------------------


---------- Date: 2014-08-27 15:38:00 ~ IP : 127.0.0.1 ----------
REQUEST URI : /admin/index.php?route=common/filemanager/image&amp;token=0aba38afca47759206931923c64d731f&amp;image=data%2Femmie_image_resize.jpg
MOD DETAILS:
   modFile   : /Applications/MAMP/htdocs/ormary/vqmod/xml/image_manager_plus_1.5.2.x_v1.3.xml
   id        : Image Manager +
   version   : 1.3
   vqmver    : 2.1.6
   author    : Kay Lohn - Improvement and vQmod by Dialdin

File Name    : admin/controller/common/filemanager.php(2)
VQModObject::applyMod - SEARCH NOT FOUND (ABORTING MOD): 300000
----------------------------------------------------------------------


---------- Date: 2014-08-27 15:38:00 ~ IP : 127.0.0.1 ----------
REQUEST URI : /admin/index.php?route=common/filemanager/image&amp;token=0aba38afca47759206931923c64d731f&amp;image=data%2Femmie_image_resize%20copy.jpg
MOD DETAILS:
   modFile   : /Applications/MAMP/htdocs/ormary/vqmod/xml/image_manager_plus_1.5.2.x_v1.3.xml
   id        : Image Manager +
   version   : 1.3
   vqmver    : 2.1.6
   author    : Kay Lohn - Improvement and vQmod by Dialdin

File Name    : admin/controller/common/filemanager.php(2)
VQModObject::applyMod - SEARCH NOT FOUND (ABORTING MOD): 300000
----------------------------------------------------------------------


---------- Date: 2014-08-27 15:38:00 ~ IP : 127.0.0.1 ----------
REQUEST URI : /admin/index.php?route=common/filemanager/image&amp;token=0aba38afca47759206931923c64d731f&amp;image=data%2FManonCape.png
MOD DETAILS:
   modFile   : /Applications/MAMP/htdocs/ormary/vqmod/xml/image_manager_plus_1.5.2.x_v1.3.xml
   id        : Image Manager +
   version   : 1.3
   vqmver    : 2.1.6
   author    : Kay Lohn - Improvement and vQmod by Dialdin

File Name    : admin/controller/common/filemanager.php(2)
VQModObject::applyMod - SEARCH NOT FOUND (ABORTING MOD): 300000
----------------------------------------------------------------------


---------- Date: 2014-08-27 15:38:00 ~ IP : 127.0.0.1 ----------
REQUEST URI : /admin/index.php?route=common/filemanager/image&amp;token=0aba38afca47759206931923c64d731f&amp;image=data%2Femmie_image_resize2.jpg
MOD DETAILS:
   modFile   : /Applications/MAMP/htdocs/ormary/vqmod/xml/image_manager_plus_1.5.2.x_v1.3.xml
   id        : Image Manager +
   version   : 1.3
   vqmver    : 2.1.6
   author    : Kay Lohn - Improvement and vQmod by Dialdin

File Name    : admin/controller/common/filemanager.php(2)
VQModObject::applyMod - SEARCH NOT FOUND (ABORTING MOD): 300000
----------------------------------------------------------------------


---------- Date: 2014-08-27 15:38:00 ~ IP : 127.0.0.1 ----------
REQUEST URI : /admin/index.php?route=common/filemanager/image&amp;token=0aba38afca47759206931923c64d731f&amp;image=data%2Fgretetop.png
MOD DETAILS:
   modFile   : /Applications/MAMP/htdocs/ormary/vqmod/xml/image_manager_plus_1.5.2.x_v1.3.xml
   id        : Image Manager +
   version   : 1.3
   vqmver    : 2.1.6
   author    : Kay Lohn - Improvement and vQmod by Dialdin

File Name    : admin/controller/common/filemanager.php(2)
VQModObject::applyMod - SEARCH NOT FOUND (ABORTING MOD): 300000
----------------------------------------------------------------------


---------- Date: 2014-08-27 15:38:03 ~ IP : 127.0.0.1 ----------
REQUEST URI : /admin/index.php?route=common/filemanager/image&amp;token=0aba38afca47759206931923c64d731f&amp;image=data%2Fproducts%2FEmmieMcCourts%2Falexacoatblackolive%2Femmie-mccourts-alexa-coat-in-black-with-olive-front.jpg
MOD DETAILS:
   modFile   : /Applications/MAMP/htdocs/ormary/vqmod/xml/image_manager_plus_1.5.2.x_v1.3.xml
   id        : Image Manager +
   version   : 1.3
   vqmver    : 2.1.6
   author    : Kay Lohn - Improvement and vQmod by Dialdin

File Name    : admin/controller/common/filemanager.php(2)
VQModObject::applyMod - SEARCH NOT FOUND (ABORTING MOD): 300000
----------------------------------------------------------------------


---------- Date: 2014-08-27 15:40:21 ~ IP : 127.0.0.1 ----------
REQUEST URI : /admin/index.php?route=catalog/product&amp;token=0aba38afca47759206931923c64d731f
MOD DETAILS:
   modFile   : /Applications/MAMP/htdocs/ormary/vqmod/xml/multiupload_files.xml
   id        : Multiupload files with filemanager
   version   : 1.2.2
   vqmver    : 2.4.1
   author    : Chumachkin Mihail Aleksandrovich chumachkin.m@gmail.com
VQModObject::parseMods - Could not resolve path for [/admin/language/russian/common/filemanager.php] (SKIPPED)
----------------------------------------------------------------------


